# JRE version: OpenJDK Runtime Environment (21.0.4) (build 21.0.4+-12508038-b607.1)
# Java VM: OpenJDK 64-Bit Server VM (21.0.4+-12508038-b607.1, mixed mode, tiered, compressed oops, compressed class ptrs, g1 gc, windows-amd64)
GC Precious Log:
 CardTable entry size: 512
 Card Set container configuration: InlinePtr #cards 5 size 8 Array Of Cards #cards 12 size 40 Howl #buckets 4 coarsen threshold 1843 Howl Bitmap #cards 512 size 80 coarsen threshold 460 Card regions per heap region 1 cards per card region 2048
 CPUs: 6 total, 6 available
 Memory: 8153M
 Large Page Support: Disabled
 NUMA Support: Disabled
 Compressed Oops: Enabled (32-bit)
 Heap Region Size: 1M
 Heap Min Capacity: 8M
 Heap Initial Capacity: 128M
 Heap Max Capacity: 2G
 Pre-touch: Disabled
 Parallel Workers: 6
 Concurrent Workers: 2
 Concurrent Refinement Workers: 6
 Periodic GC: Disabled
Heap:
 garbage-first heap   total 199680K, used 131242K [0x0000000080000000, 0x0000000100000000)
  region size 1024K, 11 young (11264K), 8 survivors (8192K)
 Metaspace       used 148366K, committed 150720K, reserved 1179648K
  class space    used 18968K, committed 20160K, reserved 1048576K
GC Heap History (20 events):
Event: 11.686 GC heap before
{Heap before GC invocations=27 (full 0):
 garbage-first heap   total 140288K, used 105791K [0x0000000080000000, 0x0000000100000000)
  region size 1024K, 26 young (26624K), 5 survivors (5120K)
 Metaspace       used 96279K, committed 98176K, reserved 1179648K
  class space    used 13198K, committed 14144K, reserved 1048576K
}
Event: 11.690 GC heap after
{Heap after GC invocations=28 (full 0):
 garbage-first heap   total 140288K, used 85887K [0x0000000080000000, 0x0000000100000000)
  region size 1024K, 3 young (3072K), 3 survivors (3072K)
 Metaspace       used 96279K, committed 98176K, reserved 1179648K
  class space    used 13198K, committed 14144K, reserved 1048576K
}
Event: 11.919 GC heap before
{Heap before GC invocations=29 (full 0):
 garbage-first heap   total 155648K, used 134015K [0x0000000080000000, 0x0000000100000000)
  region size 1024K, 44 young (45056K), 3 survivors (3072K)
 Metaspace       used 96791K, committed 98688K, reserved 1179648K
  class space    used 13244K, committed 14208K, reserved 1048576K
}
Event: 11.931 GC heap after
{Heap after GC invocations=30 (full 0):
 garbage-first heap   total 155648K, used 96633K [0x0000000080000000, 0x0000000100000000)
  region size 1024K, 6 young (6144K), 6 survivors (6144K)
 Metaspace       used 96791K, committed 98688K, reserved 1179648K
  class space    used 13244K, committed 14208K, reserved 1048576K
}
Event: 12.456 GC heap before
{Heap before GC invocations=30 (full 0):
 garbage-first heap   total 155648K, used 145785K [0x0000000080000000, 0x0000000100000000)
  region size 1024K, 47 young (48128K), 6 survivors (6144K)
 Metaspace       used 102027K, committed 103936K, reserved 1179648K
  class space    used 13835K, committed 14784K, reserved 1048576K
}
Event: 12.465 GC heap after
{Heap after GC invocations=31 (full 0):
 garbage-first heap   total 158720K, used 108045K [0x0000000080000000, 0x0000000100000000)
  region size 1024K, 4 young (4096K), 4 survivors (4096K)
 Metaspace       used 102027K, committed 103936K, reserved 1179648K
  class space    used 13835K, committed 14784K, reserved 1048576K
}
Event: 12.861 GC heap before
{Heap before GC invocations=31 (full 0):
 garbage-first heap   total 158720K, used 144909K [0x0000000080000000, 0x0000000100000000)
  region size 1024K, 40 young (40960K), 4 survivors (4096K)
 Metaspace       used 106675K, committed 108672K, reserved 1179648K
  class space    used 14231K, committed 15232K, reserved 1048576K
}
Event: 12.865 GC heap after
{Heap after GC invocations=32 (full 0):
 garbage-first heap   total 190464K, used 110174K [0x0000000080000000, 0x0000000100000000)
  region size 1024K, 3 young (3072K), 3 survivors (3072K)
 Metaspace       used 106675K, committed 108672K, reserved 1179648K
  class space    used 14231K, committed 15232K, reserved 1048576K
}
Event: 13.593 GC heap before
{Heap before GC invocations=33 (full 0):
 garbage-first heap   total 190464K, used 168542K [0x0000000080000000, 0x0000000100000000)
  region size 1024K, 60 young (61440K), 3 survivors (3072K)
 Metaspace       used 113644K, committed 115968K, reserved 1179648K
  class space    used 15143K, committed 16320K, reserved 1048576K
}
Event: 13.597 GC heap after
{Heap after GC invocations=34 (full 0):
 garbage-first heap   total 190464K, used 112962K [0x0000000080000000, 0x0000000100000000)
  region size 1024K, 6 young (6144K), 6 survivors (6144K)
 Metaspace       used 113644K, committed 115968K, reserved 1179648K
  class space    used 15143K, committed 16320K, reserved 1048576K
}
Event: 14.036 GC heap before
{Heap before GC invocations=34 (full 0):
 garbage-first heap   total 190464K, used 174402K [0x0000000080000000, 0x0000000100000000)
  region size 1024K, 65 young (66560K), 6 survivors (6144K)
 Metaspace       used 118771K, committed 121024K, reserved 1179648K
  class space    used 15764K, committed 16896K, reserved 1048576K
}
Event: 14.042 GC heap after
{Heap after GC invocations=35 (full 0):
 garbage-first heap   total 190464K, used 116291K [0x0000000080000000, 0x0000000100000000)
  region size 1024K, 8 young (8192K), 8 survivors (8192K)
 Metaspace       used 118771K, committed 121024K, reserved 1179648K
  class space    used 15764K, committed 16896K, reserved 1048576K
}
Event: 14.577 GC heap before
{Heap before GC invocations=35 (full 0):
 garbage-first heap   total 190464K, used 170563K [0x0000000080000000, 0x0000000100000000)
  region size 1024K, 61 young (62464K), 8 survivors (8192K)
 Metaspace       used 123175K, committed 125440K, reserved 1179648K
  class space    used 16220K, committed 17344K, reserved 1048576K
}
Event: 14.582 GC heap after
{Heap after GC invocations=36 (full 0):
 garbage-first heap   total 190464K, used 118583K [0x0000000080000000, 0x0000000100000000)
  region size 1024K, 7 young (7168K), 7 survivors (7168K)
 Metaspace       used 123175K, committed 125440K, reserved 1179648K
  class space    used 16220K, committed 17344K, reserved 1048576K
}
Event: 15.096 GC heap before
{Heap before GC invocations=37 (full 0):
 garbage-first heap   total 199680K, used 170807K [0x0000000080000000, 0x0000000100000000)
  region size 1024K, 58 young (59392K), 7 survivors (7168K)
 Metaspace       used 129390K, committed 131648K, reserved 1179648K
  class space    used 16919K, committed 18048K, reserved 1048576K
}
Event: 15.102 GC heap after
{Heap after GC invocations=38 (full 0):
 garbage-first heap   total 199680K, used 122202K [0x0000000080000000, 0x0000000100000000)
  region size 1024K, 8 young (8192K), 8 survivors (8192K)
 Metaspace       used 129390K, committed 131648K, reserved 1179648K
  class space    used 16919K, committed 18048K, reserved 1048576K
}
Event: 15.592 GC heap before
{Heap before GC invocations=38 (full 0):
 garbage-first heap   total 199680K, used 178522K [0x0000000080000000, 0x0000000100000000)
  region size 1024K, 63 young (64512K), 8 survivors (8192K)
 Metaspace       used 138583K, committed 140864K, reserved 1179648K
  class space    used 17773K, committed 18944K, reserved 1048576K
}
Event: 15.597 GC heap after
{Heap after GC invocations=39 (full 0):
 garbage-first heap   total 199680K, used 123068K [0x0000000080000000, 0x0000000100000000)
  region size 1024K, 5 young (5120K), 5 survivors (5120K)
 Metaspace       used 138583K, committed 140864K, reserved 1179648K
  class space    used 17773K, committed 18944K, reserved 1048576K
}
Event: 17.583 GC heap before
{Heap before GC invocations=39 (full 0):
 garbage-first heap   total 199680K, used 181436K [0x0000000080000000, 0x0000000100000000)
  region size 1024K, 63 young (64512K), 5 survivors (5120K)
 Metaspace       used 148254K, committed 150592K, reserved 1179648K
  class space    used 18954K, committed 20160K, reserved 1048576K
}
Event: 17.590 GC heap after
{Heap after GC invocations=40 (full 0):
 garbage-first heap   total 199680K, used 129194K [0x0000000080000000, 0x0000000100000000)
  region size 1024K, 8 young (8192K), 8 survivors (8192K)
 Metaspace       used 148254K, committed 150592K, reserved 1179648K
  class space    used 18954K, committed 20160K, reserved 1048576K
}

